<?xml version="1.0" encoding="UTF-8"?>
<testsuite xmlns:xsi="http://www.w3.org/2001/XMLSchema-instance" xsi:noNamespaceSchemaLocation="https://maven.apache.org/surefire/maven-surefire-plugin/xsd/surefire-test-report-3.0.xsd" version="3.0" name="fr.imt.coffee.machine.component.ElectricalResistanceTest" time="8.81" tests="2" errors="0" skipped="0" failures="0">
  <properties>
[...]
</properties>
  <testcase name="testWaterHeatingNominalCaseWithHamcrest" classname="fr.imt.coffee.machine.component.ElectricalResistanceTest" time="4.408">
    <system-out><![CDATA[16:42:42.297 [main] INFO  fr.imt.coffee.machine.component.ElectricalResistance - Water heating time : 4389.0
16:42:42.305 [main] INFO  fr.imt.coffee.machine.component.ElectricalResistance - Water heating...
16:42:46.695 [main] INFO  fr.imt.coffee.machine.component.ElectricalResistance - Water heating OK
]]></system-out>
  </testcase>
  <testcase name="testWaterHeatingNominalCaseWithJUnit" classname="fr.imt.coffee.machine.component.ElectricalResistanceTest" time="4.396">
    <system-out><![CDATA[16:42:46.700 [main] INFO  fr.imt.coffee.machine.component.ElectricalResistance - Water heating time : 4389.0
16:42:46.701 [main] INFO  fr.imt.coffee.machine.component.ElectricalResistance - Water heating...
16:42:51.090 [main] INFO  fr.imt.coffee.machine.component.ElectricalResistance - Water heating OK
]]></system-out>
  </testcase>
</testsuite>